Arguments: 
  /Users/motohiroichikawa/.nodebrew/node/v16.16.0/bin/node /opt/homebrew/Cellar/yarn/1.22.19/libexec/bin/yarn.js add @fullcalender/core @fullcalendar/interaction

PATH: 
  /opt/homebrew/opt/postgresql@13/bin:/Users/motohiroichikawa/.rbenv/shims:/Users/motohiroichikawa/.rbenv/bin:/Users/motohiroichikawa/.rbenv/shims:/Users/motohiroichikawa/.rbenv/bin:/Users/motohiroichikawa/.rbenv/shims:/Users/motohiroichikawa/.rbenv/bin:/Users/motohiroichikawa/.rbenv/shims:/Users/motohiroichikawa/.rbenv/bin:/Users/motohiroichikawa/.rbenv/shims:/Users/motohiroichikawa/.rbenv/bin:/Users/motohiroichikawa/.nodebrew/current/bin:/Users/motohiroichikawa/.nodebrew/current/bin:/opt/homebrew/bin:/opt/homebrew/sbin:/usr/local/bin:/usr/bin:/bin:/usr/sbin:/sbin:/Users/motohiroichikawa/.rbenv/shims:/Users/motohiroichikawa/.rbenv/bin:/Users/motohiroichikawa/.nodebrew/current/bin:/opt/homebrew/bin:/opt/homebrew/sbin

Yarn version: 
  1.22.19

Node version: 
  16.16.0

Platform: 
  darwin arm64

Trace: 
  Error: https://registry.yarnpkg.com/@fullcalender%2fcore: Not found
      at Request.params.callback [as _callback] (/opt/homebrew/Cellar/yarn/1.22.19/libexec/lib/cli.js:66145:18)
      at Request.self.callback (/opt/homebrew/Cellar/yarn/1.22.19/libexec/lib/cli.js:140890:22)
      at Request.emit (node:events:527:28)
      at Request.<anonymous> (/opt/homebrew/Cellar/yarn/1.22.19/libexec/lib/cli.js:141862:10)
      at Request.emit (node:events:527:28)
      at IncomingMessage.<anonymous> (/opt/homebrew/Cellar/yarn/1.22.19/libexec/lib/cli.js:141784:12)
      at Object.onceWrapper (node:events:641:28)
      at IncomingMessage.emit (node:events:539:35)
      at endReadableNT (node:internal/streams/readable:1345:12)
      at processTicksAndRejections (node:internal/process/task_queues:83:21)

npm manifest: 
  {
    "dependencies": {
      "@fullcalendar/daygrid": "^6.0.0-beta.1"
    }
  }

yarn manifest: 
  No manifest

Lockfile: 
  # THIS IS AN AUTOGENERATED FILE. DO NOT EDIT THIS FILE DIRECTLY.
  # yarn lockfile v1
  
  
  "@fullcalendar/common@6.0.0-beta.1":
    version "6.0.0-beta.1"
    resolved "https://registry.yarnpkg.com/@fullcalendar/common/-/common-6.0.0-beta.1.tgz#7a62e028bb0a9b09a0e0ef2f77635140f43dd0d4"
    integrity sha512-1TQ/+s8XJzfUqmMH1v86Dh51Xf5xZu9lhdnpdxTNAaoD7f+BCYZb4z1X7n9JEXbToqEBrzMIbGoppn87vc5dGw==
    dependencies:
      tslib "^2.1.0"
  
  "@fullcalendar/daygrid@^6.0.0-beta.1":
    version "6.0.0-beta.1"
    resolved "https://registry.yarnpkg.com/@fullcalendar/daygrid/-/daygrid-6.0.0-beta.1.tgz#cf95c16430f0231e07d28ad82f422bb8efb2f57f"
    integrity sha512-0/iiWIydCBJDORKAwDded9UHxwVTy6PB2MQZO/AiF7d/stN5i2LrWFDzPgWWovNYZxljrnQ4DTAo/FAnYgBMaw==
    dependencies:
      "@fullcalendar/common" "6.0.0-beta.1"
      tslib "^2.1.0"
  
  tslib@^2.1.0:
    version "2.4.0"
    resolved "https://registry.yarnpkg.com/tslib/-/tslib-2.4.0.tgz#7cecaa7f073ce680a05847aa77be941098f36dc3"
    integrity sha512-d6xOpEDfsi2CZVlPQzGeux8XMwLT9hssAsaPYExaQMuYskwb+x1x7J371tWlbBdWHroy99KnVB6qIkUbs5X3UQ==
